0 info it worked if it ends with ok
1 verbose cli [ 'C:\\Program Files\\nodejs\\node.exe',
1 verbose cli   'C:\\Program Files\\nodejs\\node_modules\\npm\\bin\\npm-cli.js',
1 verbose cli   'start' ]
2 info using npm@3.9.3
3 info using node@v6.2.1
4 verbose run-script [ 'prestart', 'start', 'poststart' ]
5 info lifecycle ballot-buddy@1.0.0~prestart: ballot-buddy@1.0.0
6 silly lifecycle ballot-buddy@1.0.0~prestart: no script for prestart, continuing
7 info lifecycle ballot-buddy@1.0.0~start: ballot-buddy@1.0.0
8 verbose lifecycle ballot-buddy@1.0.0~start: unsafe-perm in lifecycle true
9 verbose lifecycle ballot-buddy@1.0.0~start: PATH: C:\Program Files\nodejs\node_modules\npm\bin\node-gyp-bin;C:\Users\Ryan\Google Drive\07 Coding Projects\01 Code\BallotBuddy\node_modules\.bin;C:\Program Files\nodejs;C:\Users\Ryan\Google Drive\07 Coding Projects\03 Tools\cmder\bin;C:\Program Files (x86)\Git\bin;C:\Program Files (x86)\Git\usr\bin;C:\Program Files (x86)\Git\share\vim\vim74;C:\Users\Ryan\Google Drive\07 Coding Projects\03 Tools\cmder\vendor\conemu-maximus5\ConEmu\Scripts;C:\Users\Ryan\Google Drive\07 Coding Projects\03 Tools\cmder\vendor\conemu-maximus5;C:\Users\Ryan\Google Drive\07 Coding Projects\03 Tools\cmder\vendor\conemu-maximus5\ConEmu;C:\Program Files (x86)\Intel\iCLS Client\;C:\Program Files\Intel\iCLS Client\;C:\windows\system32;C:\windows;C:\windows\System32\Wbem;C:\windows\System32\WindowsPowerShell\v1.0\;C:\Program Files\Intel\Intel(R) Management Engine Components\DAL;C:\Program Files\Intel\Intel(R) Management Engine Components\IPT;C:\Program Files (x86)\Intel\Intel(R) Management Engine Components\DAL;C:\Program Files (x86)\Intel\Intel(R) Management Engine Components\IPT;C:\Program Files (x86)\Windows Live\Shared;c:\python27\;c:\python27\scripts;c:\python27\tools\scripts;C:\windows\system32\config\systemprofile\.dnx\bin;C:\Program Files\Microsoft DNX\Dnvm\;C:\Program Files (x86)\Google\Google Apps Migration\;C:\Program Files (x86)\Skype\Phone\;C:\Program Files (x86)\Heroku\bin;C:\Program Files (x86)\git\cmd;C:\Program Files (x86)\Git\cmd;C:\Program Files\nodejs\;C:; C:\Users\Ryan\AppData\Roaming\npm; C:\Program Files\Sublime Text 3; C:\SQLite3; C:\Users\Ryan\AppData\Local\Programs\Python\Python35-32; C:\Users\Ryan\AppData\Roaming\npm\bower; C:\Program Files\MongoDB\Server\3.2\bin; C:\Users\Ryan\AppData\Roaming\npm\brew; C:\Program Files\PostgreSQL\9.5\bin;C:\Users\Ryan\AppData\Roaming\npm;C:\Users\Ryan\Google Drive\07 Coding Projects\03 Tools\cmder
10 verbose lifecycle ballot-buddy@1.0.0~start: CWD: C:\Users\Ryan\Google Drive\07 Coding Projects\01 Code\BallotBuddy
11 silly lifecycle ballot-buddy@1.0.0~start: Args: [ '/d /s /c', 'node server/main.js' ]
12 silly lifecycle ballot-buddy@1.0.0~start: Returned: code: 1  signal: null
13 info lifecycle ballot-buddy@1.0.0~start: Failed to exec start script
14 verbose stack Error: ballot-buddy@1.0.0 start: `node server/main.js`
14 verbose stack Exit status 1
14 verbose stack     at EventEmitter.<anonymous> (C:\Program Files\nodejs\node_modules\npm\lib\utils\lifecycle.js:245:16)
14 verbose stack     at emitTwo (events.js:106:13)
14 verbose stack     at EventEmitter.emit (events.js:191:7)
14 verbose stack     at ChildProcess.<anonymous> (C:\Program Files\nodejs\node_modules\npm\lib\utils\spawn.js:24:14)
14 verbose stack     at emitTwo (events.js:106:13)
14 verbose stack     at ChildProcess.emit (events.js:191:7)
14 verbose stack     at maybeClose (internal/child_process.js:852:16)
14 verbose stack     at Process.ChildProcess._handle.onexit (internal/child_process.js:215:5)
15 verbose pkgid ballot-buddy@1.0.0
16 verbose cwd C:\Users\Ryan\Google Drive\07 Coding Projects\01 Code\BallotBuddy
17 error Windows_NT 6.3.9600
18 error argv "C:\\Program Files\\nodejs\\node.exe" "C:\\Program Files\\nodejs\\node_modules\\npm\\bin\\npm-cli.js" "start"
19 error node v6.2.1
20 error npm  v3.9.3
21 error code ELIFECYCLE
22 error ballot-buddy@1.0.0 start: `node server/main.js`
22 error Exit status 1
23 error Failed at the ballot-buddy@1.0.0 start script 'node server/main.js'.
23 error Make sure you have the latest version of node.js and npm installed.
23 error If you do, this is most likely a problem with the ballot-buddy package,
23 error not with npm itself.
23 error Tell the author that this fails on your system:
23 error     node server/main.js
23 error You can get information on how to open an issue for this project with:
23 error     npm bugs ballot-buddy
23 error Or if that isn't available, you can get their info via:
23 error     npm owner ls ballot-buddy
23 error There is likely additional logging output above.
24 verbose exit [ 1, true ]
